{"/Users/pooja.manikandan/Enablements/mission_orion/listify/AppError.js": {"path":"/Users/pooja.manikandan/Enablements/mission_orion/listify/AppError.js","statementMap":{"0":{"start":{"line":3,"column":4},"end":{"line":3,"column":19}},"1":{"start":{"line":4,"column":4},"end":{"line":4,"column":33}},"2":{"start":{"line":5,"column":4},"end":{"line":5,"column":31}},"3":{"start":{"line":9,"column":0},"end":{"line":9,"column":26}}},"fnMap":{"0":{"name":"(anonymous_0)","decl":{"start":{"line":2,"column":2},"end":{"line":2,"column":3}},"loc":{"start":{"line":2,"column":46},"end":{"line":6,"column":3}},"line":2}},"branchMap":{},"s":{"0":28,"1":28,"2":28,"3":5},"f":{"0":28},"b":{},"_coverageSchema":"1a1c01bbd47fc00a2c39e90264f33305004495a9","hash":"ed952bb8dc05263ea44e639a3a0fd9a74a5b4b8c"}
,"/Users/pooja.manikandan/Enablements/mission_orion/listify/constants/app.js": {"path":"/Users/pooja.manikandan/Enablements/mission_orion/listify/constants/app.js","statementMap":{"0":{"start":{"line":1,"column":23},"end":{"line":1,"column":53}},"1":{"start":{"line":3,"column":0},"end":{"line":3,"column":33}}},"fnMap":{},"branchMap":{},"s":{"0":3,"1":3},"f":{},"b":{},"_coverageSchema":"1a1c01bbd47fc00a2c39e90264f33305004495a9","hash":"a7648ee3b829cfe508bdd3e2f2b1a820bcc55cd8"}
,"/Users/pooja.manikandan/Enablements/mission_orion/listify/controllers/authController.js": {"path":"/Users/pooja.manikandan/Enablements/mission_orion/listify/controllers/authController.js","statementMap":{"0":{"start":{"line":1,"column":44},"end":{"line":1,"column":79}},"1":{"start":{"line":3,"column":24},"end":{"line":15,"column":1}},"2":{"start":{"line":4,"column":2},"end":{"line":14,"column":3}},"3":{"start":{"line":6,"column":21},"end":{"line":6,"column":50}},"4":{"start":{"line":7,"column":4},"end":{"line":11,"column":5}},"5":{"start":{"line":8,"column":6},"end":{"line":10,"column":78}},"6":{"start":{"line":13,"column":4},"end":{"line":13,"column":15}},"7":{"start":{"line":17,"column":27},"end":{"line":27,"column":1}},"8":{"start":{"line":18,"column":2},"end":{"line":26,"column":3}},"9":{"start":{"line":19,"column":21},"end":{"line":19,"column":53}},"10":{"start":{"line":20,"column":4},"end":{"line":23,"column":72}},"11":{"start":{"line":21,"column":6},"end":{"line":23,"column":72}},"12":{"start":{"line":25,"column":4},"end":{"line":25,"column":15}},"13":{"start":{"line":29,"column":0},"end":{"line":29,"column":57}}},"fnMap":{"0":{"name":"(anonymous_0)","decl":{"start":{"line":3,"column":24},"end":{"line":3,"column":25}},"loc":{"start":{"line":3,"column":50},"end":{"line":15,"column":1}},"line":3},"1":{"name":"(anonymous_1)","decl":{"start":{"line":17,"column":27},"end":{"line":17,"column":28}},"loc":{"start":{"line":17,"column":53},"end":{"line":27,"column":1}},"line":17}},"branchMap":{"0":{"loc":{"start":{"line":7,"column":4},"end":{"line":11,"column":5}},"type":"if","locations":[{"start":{"line":7,"column":4},"end":{"line":11,"column":5}},{"start":{},"end":{}}],"line":7},"1":{"loc":{"start":{"line":20,"column":4},"end":{"line":23,"column":72}},"type":"if","locations":[{"start":{"line":20,"column":4},"end":{"line":23,"column":72}},{"start":{},"end":{}}],"line":20}},"s":{"0":1,"1":1,"2":3,"3":3,"4":2,"5":1,"6":1,"7":1,"8":3,"9":3,"10":2,"11":1,"12":1,"13":1},"f":{"0":3,"1":3},"b":{"0":[1,1],"1":[1,1]},"_coverageSchema":"1a1c01bbd47fc00a2c39e90264f33305004495a9","hash":"e5587bd47fb6587bbba9555ef33609fb51252e6e"}
,"/Users/pooja.manikandan/Enablements/mission_orion/listify/controllers/tasksController.js": {"path":"/Users/pooja.manikandan/Enablements/mission_orion/listify/controllers/tasksController.js","statementMap":{"0":{"start":{"line":8,"column":4},"end":{"line":8,"column":40}},"1":{"start":{"line":10,"column":30},"end":{"line":19,"column":1}},"2":{"start":{"line":11,"column":2},"end":{"line":18,"column":3}},"3":{"start":{"line":12,"column":17},"end":{"line":12,"column":36}},"4":{"start":{"line":13,"column":4},"end":{"line":15,"column":5}},"5":{"start":{"line":14,"column":6},"end":{"line":14,"column":56}},"6":{"start":{"line":17,"column":4},"end":{"line":17,"column":16}},"7":{"start":{"line":21,"column":26},"end":{"line":30,"column":1}},"8":{"start":{"line":22,"column":2},"end":{"line":29,"column":3}},"9":{"start":{"line":23,"column":17},"end":{"line":23,"column":49}},"10":{"start":{"line":24,"column":4},"end":{"line":26,"column":5}},"11":{"start":{"line":25,"column":6},"end":{"line":25,"column":56}},"12":{"start":{"line":28,"column":4},"end":{"line":28,"column":16}},"13":{"start":{"line":32,"column":29},"end":{"line":43,"column":1}},"14":{"start":{"line":33,"column":2},"end":{"line":42,"column":3}},"15":{"start":{"line":34,"column":17},"end":{"line":34,"column":62}},"16":{"start":{"line":35,"column":4},"end":{"line":39,"column":5}},"17":{"start":{"line":36,"column":6},"end":{"line":38,"column":69}},"18":{"start":{"line":41,"column":4},"end":{"line":41,"column":16}},"19":{"start":{"line":45,"column":29},"end":{"line":54,"column":1}},"20":{"start":{"line":46,"column":2},"end":{"line":53,"column":3}},"21":{"start":{"line":47,"column":17},"end":{"line":47,"column":52}},"22":{"start":{"line":48,"column":4},"end":{"line":50,"column":5}},"23":{"start":{"line":49,"column":6},"end":{"line":49,"column":29}},"24":{"start":{"line":52,"column":4},"end":{"line":52,"column":16}},"25":{"start":{"line":56,"column":30},"end":{"line":66,"column":1}},"26":{"start":{"line":57,"column":46},"end":{"line":57,"column":55}},"27":{"start":{"line":58,"column":2},"end":{"line":65,"column":3}},"28":{"start":{"line":59,"column":21},"end":{"line":59,"column":70}},"29":{"start":{"line":60,"column":4},"end":{"line":62,"column":5}},"30":{"start":{"line":61,"column":6},"end":{"line":61,"column":37}},"31":{"start":{"line":64,"column":4},"end":{"line":64,"column":16}},"32":{"start":{"line":68,"column":27},"end":{"line":74,"column":1}},"33":{"start":{"line":69,"column":37},"end":{"line":69,"column":46}},"34":{"start":{"line":70,"column":15},"end":{"line":70,"column":53}},"35":{"start":{"line":71,"column":2},"end":{"line":73,"column":3}},"36":{"start":{"line":72,"column":4},"end":{"line":72,"column":54}},"37":{"start":{"line":76,"column":0},"end":{"line":83,"column":2}}},"fnMap":{"0":{"name":"(anonymous_0)","decl":{"start":{"line":10,"column":30},"end":{"line":10,"column":31}},"loc":{"start":{"line":10,"column":56},"end":{"line":19,"column":1}},"line":10},"1":{"name":"(anonymous_1)","decl":{"start":{"line":21,"column":26},"end":{"line":21,"column":27}},"loc":{"start":{"line":21,"column":52},"end":{"line":30,"column":1}},"line":21},"2":{"name":"(anonymous_2)","decl":{"start":{"line":32,"column":29},"end":{"line":32,"column":30}},"loc":{"start":{"line":32,"column":55},"end":{"line":43,"column":1}},"line":32},"3":{"name":"(anonymous_3)","decl":{"start":{"line":45,"column":29},"end":{"line":45,"column":30}},"loc":{"start":{"line":45,"column":55},"end":{"line":54,"column":1}},"line":45},"4":{"name":"(anonymous_4)","decl":{"start":{"line":56,"column":30},"end":{"line":56,"column":31}},"loc":{"start":{"line":56,"column":56},"end":{"line":66,"column":1}},"line":56},"5":{"name":"(anonymous_5)","decl":{"start":{"line":68,"column":27},"end":{"line":68,"column":28}},"loc":{"start":{"line":68,"column":53},"end":{"line":74,"column":1}},"line":68}},"branchMap":{"0":{"loc":{"start":{"line":13,"column":4},"end":{"line":15,"column":5}},"type":"if","locations":[{"start":{"line":13,"column":4},"end":{"line":15,"column":5}},{"start":{},"end":{}}],"line":13},"1":{"loc":{"start":{"line":24,"column":4},"end":{"line":26,"column":5}},"type":"if","locations":[{"start":{"line":24,"column":4},"end":{"line":26,"column":5}},{"start":{},"end":{}}],"line":24},"2":{"loc":{"start":{"line":35,"column":4},"end":{"line":39,"column":5}},"type":"if","locations":[{"start":{"line":35,"column":4},"end":{"line":39,"column":5}},{"start":{},"end":{}}],"line":35},"3":{"loc":{"start":{"line":48,"column":4},"end":{"line":50,"column":5}},"type":"if","locations":[{"start":{"line":48,"column":4},"end":{"line":50,"column":5}},{"start":{},"end":{}}],"line":48},"4":{"loc":{"start":{"line":60,"column":4},"end":{"line":62,"column":5}},"type":"if","locations":[{"start":{"line":60,"column":4},"end":{"line":62,"column":5}},{"start":{},"end":{}}],"line":60},"5":{"loc":{"start":{"line":71,"column":2},"end":{"line":73,"column":3}},"type":"if","locations":[{"start":{"line":71,"column":2},"end":{"line":73,"column":3}},{"start":{},"end":{}}],"line":71}},"s":{"0":1,"1":1,"2":3,"3":3,"4":2,"5":1,"6":1,"7":1,"8":3,"9":3,"10":2,"11":1,"12":1,"13":1,"14":3,"15":3,"16":2,"17":1,"18":1,"19":1,"20":3,"21":3,"22":2,"23":1,"24":1,"25":1,"26":3,"27":3,"28":3,"29":2,"30":1,"31":1,"32":1,"33":2,"34":2,"35":2,"36":1,"37":1},"f":{"0":3,"1":3,"2":3,"3":3,"4":3,"5":2},"b":{"0":[1,1],"1":[1,1],"2":[1,1],"3":[1,1],"4":[1,1],"5":[1,1]},"_coverageSchema":"1a1c01bbd47fc00a2c39e90264f33305004495a9","hash":"a88ae0c82c027adbd7ffe94cca4628148f6c3332"}
,"/Users/pooja.manikandan/Enablements/mission_orion/listify/services/authServices.js": {"path":"/Users/pooja.manikandan/Enablements/mission_orion/listify/services/authServices.js","statementMap":{"0":{"start":{"line":1,"column":16},"end":{"line":1,"column":33}},"1":{"start":{"line":2,"column":12},"end":{"line":2,"column":35}},"2":{"start":{"line":6,"column":4},"end":{"line":6,"column":43}},"3":{"start":{"line":7,"column":40},"end":{"line":7,"column":75}},"4":{"start":{"line":8,"column":30},"end":{"line":8,"column":71}},"5":{"start":{"line":9,"column":17},"end":{"line":9,"column":39}},"6":{"start":{"line":11,"column":22},"end":{"line":39,"column":1}},"7":{"start":{"line":12,"column":2},"end":{"line":14,"column":3}},"8":{"start":{"line":13,"column":4},"end":{"line":13,"column":74}},"9":{"start":{"line":15,"column":16},"end":{"line":15,"column":47}},"10":{"start":{"line":16,"column":20},"end":{"line":16,"column":78}},"11":{"start":{"line":17,"column":2},"end":{"line":22,"column":6}},"12":{"start":{"line":18,"column":4},"end":{"line":22,"column":6}},"13":{"start":{"line":23,"column":2},"end":{"line":38,"column":3}},"14":{"start":{"line":24,"column":25},"end":{"line":24,"column":36}},"15":{"start":{"line":25,"column":18},"end":{"line":25,"column":75}},"16":{"start":{"line":26,"column":4},"end":{"line":31,"column":8}},"17":{"start":{"line":27,"column":6},"end":{"line":31,"column":8}},"18":{"start":{"line":32,"column":4},"end":{"line":37,"column":5}},"19":{"start":{"line":33,"column":20},"end":{"line":35,"column":8}},"20":{"start":{"line":36,"column":6},"end":{"line":36,"column":19}},"21":{"start":{"line":41,"column":25},"end":{"line":62,"column":1}},"22":{"start":{"line":42,"column":2},"end":{"line":44,"column":3}},"23":{"start":{"line":43,"column":4},"end":{"line":43,"column":74}},"24":{"start":{"line":45,"column":25},"end":{"line":45,"column":50}},"25":{"start":{"line":46,"column":14},"end":{"line":46,"column":45}},"26":{"start":{"line":48,"column":2},"end":{"line":57,"column":3}},"27":{"start":{"line":49,"column":4},"end":{"line":49,"column":64}},"28":{"start":{"line":50,"column":4},"end":{"line":54,"column":5}},"29":{"start":{"line":51,"column":6},"end":{"line":51,"column":67}},"30":{"start":{"line":53,"column":6},"end":{"line":53,"column":66}},"31":{"start":{"line":56,"column":4},"end":{"line":56,"column":63}},"32":{"start":{"line":58,"column":2},"end":{"line":61,"column":3}},"33":{"start":{"line":59,"column":4},"end":{"line":59,"column":69}},"34":{"start":{"line":60,"column":4},"end":{"line":60,"column":17}},"35":{"start":{"line":64,"column":0},"end":{"line":64,"column":53}}},"fnMap":{"0":{"name":"(anonymous_0)","decl":{"start":{"line":11,"column":22},"end":{"line":11,"column":23}},"loc":{"start":{"line":11,"column":45},"end":{"line":39,"column":1}},"line":11},"1":{"name":"(anonymous_1)","decl":{"start":{"line":41,"column":25},"end":{"line":41,"column":26}},"loc":{"start":{"line":41,"column":59},"end":{"line":62,"column":1}},"line":41}},"branchMap":{"0":{"loc":{"start":{"line":12,"column":2},"end":{"line":14,"column":3}},"type":"if","locations":[{"start":{"line":12,"column":2},"end":{"line":14,"column":3}},{"start":{},"end":{}}],"line":12},"1":{"loc":{"start":{"line":12,"column":6},"end":{"line":12,"column":52}},"type":"binary-expr","locations":[{"start":{"line":12,"column":6},"end":{"line":12,"column":27}},{"start":{"line":12,"column":31},"end":{"line":12,"column":52}}],"line":12},"2":{"loc":{"start":{"line":17,"column":2},"end":{"line":22,"column":6}},"type":"if","locations":[{"start":{"line":17,"column":2},"end":{"line":22,"column":6}},{"start":{},"end":{}}],"line":17},"3":{"loc":{"start":{"line":23,"column":2},"end":{"line":38,"column":3}},"type":"if","locations":[{"start":{"line":23,"column":2},"end":{"line":38,"column":3}},{"start":{},"end":{}}],"line":23},"4":{"loc":{"start":{"line":26,"column":4},"end":{"line":31,"column":8}},"type":"if","locations":[{"start":{"line":26,"column":4},"end":{"line":31,"column":8}},{"start":{},"end":{}}],"line":26},"5":{"loc":{"start":{"line":32,"column":4},"end":{"line":37,"column":5}},"type":"if","locations":[{"start":{"line":32,"column":4},"end":{"line":37,"column":5}},{"start":{},"end":{}}],"line":32},"6":{"loc":{"start":{"line":42,"column":2},"end":{"line":44,"column":3}},"type":"if","locations":[{"start":{"line":42,"column":2},"end":{"line":44,"column":3}},{"start":{},"end":{}}],"line":42},"7":{"loc":{"start":{"line":42,"column":6},"end":{"line":42,"column":28}},"type":"binary-expr","locations":[{"start":{"line":42,"column":6},"end":{"line":42,"column":15}},{"start":{"line":42,"column":19},"end":{"line":42,"column":28}}],"line":42},"8":{"loc":{"start":{"line":48,"column":2},"end":{"line":57,"column":3}},"type":"if","locations":[{"start":{"line":48,"column":2},"end":{"line":57,"column":3}},{"start":{"line":55,"column":9},"end":{"line":57,"column":3}}],"line":48},"9":{"loc":{"start":{"line":50,"column":4},"end":{"line":54,"column":5}},"type":"if","locations":[{"start":{"line":50,"column":4},"end":{"line":54,"column":5}},{"start":{"line":52,"column":9},"end":{"line":54,"column":5}}],"line":50},"10":{"loc":{"start":{"line":58,"column":2},"end":{"line":61,"column":3}},"type":"if","locations":[{"start":{"line":58,"column":2},"end":{"line":61,"column":3}},{"start":{},"end":{}}],"line":58},"11":{"loc":{"start":{"line":58,"column":6},"end":{"line":58,"column":27}},"type":"binary-expr","locations":[{"start":{"line":58,"column":6},"end":{"line":58,"column":17}},{"start":{"line":58,"column":21},"end":{"line":58,"column":27}}],"line":58}},"s":{"0":1,"1":1,"2":1,"3":1,"4":1,"5":1,"6":1,"7":6,"8":3,"9":3,"10":3,"11":3,"12":1,"13":2,"14":2,"15":2,"16":2,"17":1,"18":1,"19":1,"20":1,"21":1,"22":6,"23":3,"24":3,"25":3,"26":3,"27":2,"28":2,"29":1,"30":1,"31":1,"32":2,"33":2,"34":2,"35":1},"f":{"0":6,"1":6},"b":{"0":[3,3],"1":[6,4],"2":[1,2],"3":[2,0],"4":[1,1],"5":[1,0],"6":[3,3],"7":[6,4],"8":[2,1],"9":[1,1],"10":[2,0],"11":[2,0]},"_coverageSchema":"1a1c01bbd47fc00a2c39e90264f33305004495a9","hash":"0d836eb7ef302dbb0734b714b809e3255cd302c8"}
,"/Users/pooja.manikandan/Enablements/mission_orion/listify/services/tasksServices.js": {"path":"/Users/pooja.manikandan/Enablements/mission_orion/listify/services/tasksServices.js","statementMap":{"0":{"start":{"line":1,"column":17},"end":{"line":1,"column":39}},"1":{"start":{"line":8,"column":4},"end":{"line":8,"column":45}},"2":{"start":{"line":9,"column":40},"end":{"line":9,"column":75}},"3":{"start":{"line":11,"column":20},"end":{"line":14,"column":1}},"4":{"start":{"line":12,"column":16},"end":{"line":12,"column":47}},"5":{"start":{"line":13,"column":2},"end":{"line":13,"column":15}},"6":{"start":{"line":16,"column":16},"end":{"line":28,"column":1}},"7":{"start":{"line":17,"column":2},"end":{"line":18,"column":69}},"8":{"start":{"line":18,"column":4},"end":{"line":18,"column":69}},"9":{"start":{"line":19,"column":16},"end":{"line":19,"column":47}},"10":{"start":{"line":20,"column":20},"end":{"line":20,"column":54}},"11":{"start":{"line":21,"column":2},"end":{"line":26,"column":6}},"12":{"start":{"line":22,"column":4},"end":{"line":26,"column":6}},"13":{"start":{"line":27,"column":2},"end":{"line":27,"column":19}},"14":{"start":{"line":30,"column":19},"end":{"line":44,"column":1}},"15":{"start":{"line":31,"column":2},"end":{"line":32,"column":69}},"16":{"start":{"line":32,"column":4},"end":{"line":32,"column":69}},"17":{"start":{"line":33,"column":16},"end":{"line":33,"column":47}},"18":{"start":{"line":34,"column":20},"end":{"line":34,"column":54}},"19":{"start":{"line":35,"column":2},"end":{"line":40,"column":6}},"20":{"start":{"line":36,"column":4},"end":{"line":40,"column":6}},"21":{"start":{"line":41,"column":2},"end":{"line":41,"column":31}},"22":{"start":{"line":42,"column":2},"end":{"line":42,"column":58}},"23":{"start":{"line":43,"column":2},"end":{"line":43,"column":19}},"24":{"start":{"line":46,"column":19},"end":{"line":60,"column":1}},"25":{"start":{"line":47,"column":2},"end":{"line":48,"column":69}},"26":{"start":{"line":48,"column":4},"end":{"line":48,"column":69}},"27":{"start":{"line":49,"column":14},"end":{"line":49,"column":45}},"28":{"start":{"line":50,"column":20},"end":{"line":50,"column":51}},"29":{"start":{"line":51,"column":2},"end":{"line":56,"column":6}},"30":{"start":{"line":52,"column":4},"end":{"line":56,"column":6}},"31":{"start":{"line":57,"column":2},"end":{"line":57,"column":72}},"32":{"start":{"line":58,"column":2},"end":{"line":58,"column":58}},"33":{"start":{"line":59,"column":2},"end":{"line":59,"column":15}},"34":{"start":{"line":62,"column":19},"end":{"line":74,"column":1}},"35":{"start":{"line":63,"column":14},"end":{"line":63,"column":45}},"36":{"start":{"line":64,"column":2},"end":{"line":69,"column":4}},"37":{"start":{"line":66,"column":6},"end":{"line":68,"column":30}},"38":{"start":{"line":70,"column":2},"end":{"line":72,"column":3}},"39":{"start":{"line":71,"column":4},"end":{"line":71,"column":25}},"40":{"start":{"line":73,"column":2},"end":{"line":73,"column":15}},"41":{"start":{"line":76,"column":17},"end":{"line":96,"column":1}},"42":{"start":{"line":77,"column":14},"end":{"line":77,"column":45}},"43":{"start":{"line":79,"column":2},"end":{"line":91,"column":3}},"44":{"start":{"line":81,"column":6},"end":{"line":81,"column":45}},"45":{"start":{"line":82,"column":6},"end":{"line":82,"column":12}},"46":{"start":{"line":84,"column":6},"end":{"line":84,"column":48}},"47":{"start":{"line":85,"column":6},"end":{"line":85,"column":12}},"48":{"start":{"line":87,"column":6},"end":{"line":87,"column":47}},"49":{"start":{"line":88,"column":6},"end":{"line":88,"column":12}},"50":{"start":{"line":90,"column":6},"end":{"line":90,"column":77}},"51":{"start":{"line":92,"column":2},"end":{"line":94,"column":3}},"52":{"start":{"line":93,"column":4},"end":{"line":93,"column":28}},"53":{"start":{"line":95,"column":2},"end":{"line":95,"column":18}},"54":{"start":{"line":98,"column":0},"end":{"line":105,"column":2}}},"fnMap":{"0":{"name":"(anonymous_0)","decl":{"start":{"line":11,"column":20},"end":{"line":11,"column":21}},"loc":{"start":{"line":11,"column":26},"end":{"line":14,"column":1}},"line":11},"1":{"name":"(anonymous_1)","decl":{"start":{"line":16,"column":16},"end":{"line":16,"column":17}},"loc":{"start":{"line":16,"column":30},"end":{"line":28,"column":1}},"line":16},"2":{"name":"(anonymous_2)","decl":{"start":{"line":30,"column":19},"end":{"line":30,"column":20}},"loc":{"start":{"line":30,"column":39},"end":{"line":44,"column":1}},"line":30},"3":{"name":"(anonymous_3)","decl":{"start":{"line":46,"column":19},"end":{"line":46,"column":20}},"loc":{"start":{"line":46,"column":33},"end":{"line":60,"column":1}},"line":46},"4":{"name":"(anonymous_4)","decl":{"start":{"line":62,"column":19},"end":{"line":62,"column":20}},"loc":{"start":{"line":62,"column":56},"end":{"line":74,"column":1}},"line":62},"5":{"name":"(anonymous_5)","decl":{"start":{"line":65,"column":4},"end":{"line":65,"column":5}},"loc":{"start":{"line":66,"column":6},"end":{"line":68,"column":30}},"line":66},"6":{"name":"(anonymous_6)","decl":{"start":{"line":76,"column":17},"end":{"line":76,"column":18}},"loc":{"start":{"line":76,"column":51},"end":{"line":96,"column":1}},"line":76}},"branchMap":{"0":{"loc":{"start":{"line":17,"column":2},"end":{"line":18,"column":69}},"type":"if","locations":[{"start":{"line":17,"column":2},"end":{"line":18,"column":69}},{"start":{},"end":{}}],"line":17},"1":{"loc":{"start":{"line":21,"column":2},"end":{"line":26,"column":6}},"type":"if","locations":[{"start":{"line":21,"column":2},"end":{"line":26,"column":6}},{"start":{},"end":{}}],"line":21},"2":{"loc":{"start":{"line":31,"column":2},"end":{"line":32,"column":69}},"type":"if","locations":[{"start":{"line":31,"column":2},"end":{"line":32,"column":69}},{"start":{},"end":{}}],"line":31},"3":{"loc":{"start":{"line":35,"column":2},"end":{"line":40,"column":6}},"type":"if","locations":[{"start":{"line":35,"column":2},"end":{"line":40,"column":6}},{"start":{},"end":{}}],"line":35},"4":{"loc":{"start":{"line":47,"column":2},"end":{"line":48,"column":69}},"type":"if","locations":[{"start":{"line":47,"column":2},"end":{"line":48,"column":69}},{"start":{},"end":{}}],"line":47},"5":{"loc":{"start":{"line":51,"column":2},"end":{"line":56,"column":6}},"type":"if","locations":[{"start":{"line":51,"column":2},"end":{"line":56,"column":6}},{"start":{},"end":{}}],"line":51},"6":{"loc":{"start":{"line":66,"column":6},"end":{"line":68,"column":30}},"type":"binary-expr","locations":[{"start":{"line":66,"column":6},"end":{"line":66,"column":32}},{"start":{"line":67,"column":6},"end":{"line":67,"column":32}},{"start":{"line":68,"column":6},"end":{"line":68,"column":30}}],"line":66},"7":{"loc":{"start":{"line":70,"column":2},"end":{"line":72,"column":3}},"type":"if","locations":[{"start":{"line":70,"column":2},"end":{"line":72,"column":3}},{"start":{},"end":{}}],"line":70},"8":{"loc":{"start":{"line":79,"column":2},"end":{"line":91,"column":3}},"type":"switch","locations":[{"start":{"line":80,"column":4},"end":{"line":82,"column":12}},{"start":{"line":83,"column":4},"end":{"line":85,"column":12}},{"start":{"line":86,"column":4},"end":{"line":88,"column":12}},{"start":{"line":89,"column":4},"end":{"line":90,"column":77}}],"line":79},"9":{"loc":{"start":{"line":92,"column":2},"end":{"line":94,"column":3}},"type":"if","locations":[{"start":{"line":92,"column":2},"end":{"line":94,"column":3}},{"start":{},"end":{}}],"line":92}},"s":{"0":1,"1":1,"2":1,"3":1,"4":1,"5":1,"6":1,"7":4,"8":2,"9":2,"10":2,"11":2,"12":1,"13":1,"14":1,"15":4,"16":2,"17":2,"18":2,"19":2,"20":1,"21":1,"22":1,"23":1,"24":1,"25":4,"26":2,"27":2,"28":2,"29":2,"30":1,"31":1,"32":1,"33":1,"34":1,"35":3,"36":3,"37":6,"38":3,"39":2,"40":3,"41":1,"42":5,"43":5,"44":2,"45":2,"46":1,"47":1,"48":1,"49":1,"50":1,"51":4,"52":0,"53":4,"54":1},"f":{"0":1,"1":4,"2":4,"3":4,"4":3,"5":6,"6":5},"b":{"0":[2,2],"1":[1,1],"2":[2,2],"3":[1,1],"4":[2,2],"5":[1,1],"6":[6,6,6],"7":[2,1],"8":[2,1,1,1],"9":[0,4]},"_coverageSchema":"1a1c01bbd47fc00a2c39e90264f33305004495a9","hash":"a57890fab7eca2b44c3f66675fd207dd89b7c05a"}
,"/Users/pooja.manikandan/Enablements/mission_orion/listify/utils/dataEncryptionUtils.js": {"path":"/Users/pooja.manikandan/Enablements/mission_orion/listify/utils/dataEncryptionUtils.js","statementMap":{"0":{"start":{"line":1,"column":15},"end":{"line":1,"column":32}},"1":{"start":{"line":2,"column":0},"end":{"line":2,"column":27}},"2":{"start":{"line":4,"column":13},"end":{"line":4,"column":37}},"3":{"start":{"line":6,"column":24},"end":{"line":13,"column":1}},"4":{"start":{"line":7,"column":2},"end":{"line":12,"column":3}},"5":{"start":{"line":8,"column":27},"end":{"line":8,"column":58}},"6":{"start":{"line":9,"column":4},"end":{"line":9,"column":26}},"7":{"start":{"line":11,"column":4},"end":{"line":11,"column":15}},"8":{"start":{"line":15,"column":24},"end":{"line":22,"column":1}},"9":{"start":{"line":16,"column":2},"end":{"line":21,"column":3}},"10":{"start":{"line":17,"column":19},"end":{"line":17,"column":62}},"11":{"start":{"line":18,"column":4},"end":{"line":18,"column":18}},"12":{"start":{"line":20,"column":4},"end":{"line":20,"column":15}},"13":{"start":{"line":24,"column":0},"end":{"line":24,"column":54}}},"fnMap":{"0":{"name":"(anonymous_0)","decl":{"start":{"line":6,"column":24},"end":{"line":6,"column":25}},"loc":{"start":{"line":6,"column":38},"end":{"line":13,"column":1}},"line":6},"1":{"name":"(anonymous_1)","decl":{"start":{"line":15,"column":24},"end":{"line":15,"column":25}},"loc":{"start":{"line":15,"column":53},"end":{"line":22,"column":1}},"line":15}},"branchMap":{},"s":{"0":1,"1":1,"2":1,"3":1,"4":1,"5":1,"6":1,"7":0,"8":1,"9":1,"10":1,"11":1,"12":0,"13":1},"f":{"0":1,"1":1},"b":{},"_coverageSchema":"1a1c01bbd47fc00a2c39e90264f33305004495a9","hash":"e789aaa73ca36ecede181280473a6d9a6722127a"}
,"/Users/pooja.manikandan/Enablements/mission_orion/listify/utils/dataManipulationUtils.js": {"path":"/Users/pooja.manikandan/Enablements/mission_orion/listify/utils/dataManipulationUtils.js","statementMap":{"0":{"start":{"line":1,"column":17},"end":{"line":1,"column":39}},"1":{"start":{"line":2,"column":27},"end":{"line":2,"column":54}},"2":{"start":{"line":4,"column":26},"end":{"line":7,"column":1}},"3":{"start":{"line":5,"column":20},"end":{"line":5,"column":68}},"4":{"start":{"line":5,"column":45},"end":{"line":5,"column":67}},"5":{"start":{"line":6,"column":2},"end":{"line":6,"column":19}},"6":{"start":{"line":9,"column":23},"end":{"line":12,"column":1}},"7":{"start":{"line":10,"column":16},"end":{"line":10,"column":68}},"8":{"start":{"line":10,"column":45},"end":{"line":10,"column":67}},"9":{"start":{"line":11,"column":2},"end":{"line":11,"column":15}},"10":{"start":{"line":14,"column":20},"end":{"line":38,"column":1}},"11":{"start":{"line":15,"column":2},"end":{"line":37,"column":3}},"12":{"start":{"line":16,"column":4},"end":{"line":24,"column":7}},"13":{"start":{"line":17,"column":6},"end":{"line":19,"column":7}},"14":{"start":{"line":18,"column":8},"end":{"line":18,"column":18}},"15":{"start":{"line":20,"column":6},"end":{"line":22,"column":7}},"16":{"start":{"line":21,"column":8},"end":{"line":21,"column":17}},"17":{"start":{"line":23,"column":6},"end":{"line":23,"column":15}},"18":{"start":{"line":25,"column":9},"end":{"line":37,"column":3}},"19":{"start":{"line":26,"column":4},"end":{"line":34,"column":7}},"20":{"start":{"line":27,"column":6},"end":{"line":29,"column":7}},"21":{"start":{"line":28,"column":8},"end":{"line":28,"column":18}},"22":{"start":{"line":30,"column":6},"end":{"line":32,"column":7}},"23":{"start":{"line":31,"column":8},"end":{"line":31,"column":17}},"24":{"start":{"line":33,"column":6},"end":{"line":33,"column":15}},"25":{"start":{"line":36,"column":4},"end":{"line":36,"column":75}},"26":{"start":{"line":40,"column":23},"end":{"line":52,"column":1}},"27":{"start":{"line":41,"column":2},"end":{"line":51,"column":3}},"28":{"start":{"line":42,"column":4},"end":{"line":44,"column":7}},"29":{"start":{"line":43,"column":6},"end":{"line":43,"column":69}},"30":{"start":{"line":45,"column":9},"end":{"line":51,"column":3}},"31":{"start":{"line":46,"column":4},"end":{"line":48,"column":7}},"32":{"start":{"line":47,"column":6},"end":{"line":47,"column":69}},"33":{"start":{"line":50,"column":4},"end":{"line":50,"column":75}},"34":{"start":{"line":54,"column":22},"end":{"line":76,"column":1}},"35":{"start":{"line":55,"column":2},"end":{"line":75,"column":3}},"36":{"start":{"line":56,"column":4},"end":{"line":64,"column":7}},"37":{"start":{"line":57,"column":6},"end":{"line":59,"column":7}},"38":{"start":{"line":58,"column":8},"end":{"line":58,"column":18}},"39":{"start":{"line":60,"column":6},"end":{"line":62,"column":7}},"40":{"start":{"line":61,"column":8},"end":{"line":61,"column":17}},"41":{"start":{"line":63,"column":6},"end":{"line":63,"column":15}},"42":{"start":{"line":65,"column":9},"end":{"line":75,"column":3}},"43":{"start":{"line":66,"column":4},"end":{"line":74,"column":7}},"44":{"start":{"line":67,"column":6},"end":{"line":69,"column":7}},"45":{"start":{"line":68,"column":8},"end":{"line":68,"column":18}},"46":{"start":{"line":70,"column":6},"end":{"line":72,"column":7}},"47":{"start":{"line":71,"column":8},"end":{"line":71,"column":17}},"48":{"start":{"line":73,"column":6},"end":{"line":73,"column":15}},"49":{"start":{"line":78,"column":0},"end":{"line":84,"column":2}}},"fnMap":{"0":{"name":"(anonymous_0)","decl":{"start":{"line":4,"column":26},"end":{"line":4,"column":27}},"loc":{"start":{"line":4,"column":47},"end":{"line":7,"column":1}},"line":4},"1":{"name":"(anonymous_1)","decl":{"start":{"line":5,"column":31},"end":{"line":5,"column":32}},"loc":{"start":{"line":5,"column":45},"end":{"line":5,"column":67}},"line":5},"2":{"name":"(anonymous_2)","decl":{"start":{"line":9,"column":23},"end":{"line":9,"column":24}},"loc":{"start":{"line":9,"column":44},"end":{"line":12,"column":1}},"line":9},"3":{"name":"(anonymous_3)","decl":{"start":{"line":10,"column":31},"end":{"line":10,"column":32}},"loc":{"start":{"line":10,"column":45},"end":{"line":10,"column":67}},"line":10},"4":{"name":"(anonymous_4)","decl":{"start":{"line":14,"column":20},"end":{"line":14,"column":21}},"loc":{"start":{"line":14,"column":45},"end":{"line":38,"column":1}},"line":14},"5":{"name":"(anonymous_5)","decl":{"start":{"line":16,"column":21},"end":{"line":16,"column":22}},"loc":{"start":{"line":16,"column":37},"end":{"line":24,"column":5}},"line":16},"6":{"name":"(anonymous_6)","decl":{"start":{"line":26,"column":21},"end":{"line":26,"column":22}},"loc":{"start":{"line":26,"column":37},"end":{"line":34,"column":5}},"line":26},"7":{"name":"(anonymous_7)","decl":{"start":{"line":40,"column":23},"end":{"line":40,"column":24}},"loc":{"start":{"line":40,"column":48},"end":{"line":52,"column":1}},"line":40},"8":{"name":"(anonymous_8)","decl":{"start":{"line":42,"column":21},"end":{"line":42,"column":22}},"loc":{"start":{"line":42,"column":37},"end":{"line":44,"column":5}},"line":42},"9":{"name":"(anonymous_9)","decl":{"start":{"line":46,"column":21},"end":{"line":46,"column":22}},"loc":{"start":{"line":46,"column":37},"end":{"line":48,"column":5}},"line":46},"10":{"name":"(anonymous_10)","decl":{"start":{"line":54,"column":22},"end":{"line":54,"column":23}},"loc":{"start":{"line":54,"column":47},"end":{"line":76,"column":1}},"line":54},"11":{"name":"(anonymous_11)","decl":{"start":{"line":56,"column":21},"end":{"line":56,"column":22}},"loc":{"start":{"line":56,"column":37},"end":{"line":64,"column":5}},"line":56},"12":{"name":"(anonymous_12)","decl":{"start":{"line":66,"column":21},"end":{"line":66,"column":22}},"loc":{"start":{"line":66,"column":37},"end":{"line":74,"column":5}},"line":66}},"branchMap":{"0":{"loc":{"start":{"line":15,"column":2},"end":{"line":37,"column":3}},"type":"if","locations":[{"start":{"line":15,"column":2},"end":{"line":37,"column":3}},{"start":{"line":25,"column":9},"end":{"line":37,"column":3}}],"line":15},"1":{"loc":{"start":{"line":17,"column":6},"end":{"line":19,"column":7}},"type":"if","locations":[{"start":{"line":17,"column":6},"end":{"line":19,"column":7}},{"start":{},"end":{}}],"line":17},"2":{"loc":{"start":{"line":20,"column":6},"end":{"line":22,"column":7}},"type":"if","locations":[{"start":{"line":20,"column":6},"end":{"line":22,"column":7}},{"start":{},"end":{}}],"line":20},"3":{"loc":{"start":{"line":25,"column":9},"end":{"line":37,"column":3}},"type":"if","locations":[{"start":{"line":25,"column":9},"end":{"line":37,"column":3}},{"start":{"line":35,"column":9},"end":{"line":37,"column":3}}],"line":25},"4":{"loc":{"start":{"line":27,"column":6},"end":{"line":29,"column":7}},"type":"if","locations":[{"start":{"line":27,"column":6},"end":{"line":29,"column":7}},{"start":{},"end":{}}],"line":27},"5":{"loc":{"start":{"line":30,"column":6},"end":{"line":32,"column":7}},"type":"if","locations":[{"start":{"line":30,"column":6},"end":{"line":32,"column":7}},{"start":{},"end":{}}],"line":30},"6":{"loc":{"start":{"line":41,"column":2},"end":{"line":51,"column":3}},"type":"if","locations":[{"start":{"line":41,"column":2},"end":{"line":51,"column":3}},{"start":{"line":45,"column":9},"end":{"line":51,"column":3}}],"line":41},"7":{"loc":{"start":{"line":45,"column":9},"end":{"line":51,"column":3}},"type":"if","locations":[{"start":{"line":45,"column":9},"end":{"line":51,"column":3}},{"start":{"line":49,"column":9},"end":{"line":51,"column":3}}],"line":45},"8":{"loc":{"start":{"line":55,"column":2},"end":{"line":75,"column":3}},"type":"if","locations":[{"start":{"line":55,"column":2},"end":{"line":75,"column":3}},{"start":{"line":65,"column":9},"end":{"line":75,"column":3}}],"line":55},"9":{"loc":{"start":{"line":57,"column":6},"end":{"line":59,"column":7}},"type":"if","locations":[{"start":{"line":57,"column":6},"end":{"line":59,"column":7}},{"start":{},"end":{}}],"line":57},"10":{"loc":{"start":{"line":60,"column":6},"end":{"line":62,"column":7}},"type":"if","locations":[{"start":{"line":60,"column":6},"end":{"line":62,"column":7}},{"start":{},"end":{}}],"line":60},"11":{"loc":{"start":{"line":65,"column":9},"end":{"line":75,"column":3}},"type":"if","locations":[{"start":{"line":65,"column":9},"end":{"line":75,"column":3}},{"start":{},"end":{}}],"line":65},"12":{"loc":{"start":{"line":67,"column":6},"end":{"line":69,"column":7}},"type":"if","locations":[{"start":{"line":67,"column":6},"end":{"line":69,"column":7}},{"start":{},"end":{}}],"line":67},"13":{"loc":{"start":{"line":70,"column":6},"end":{"line":72,"column":7}},"type":"if","locations":[{"start":{"line":70,"column":6},"end":{"line":72,"column":7}},{"start":{},"end":{}}],"line":70}},"s":{"0":3,"1":3,"2":3,"3":9,"4":9,"5":9,"6":3,"7":3,"8":6,"9":3,"10":3,"11":5,"12":1,"13":4,"14":3,"15":1,"16":1,"17":0,"18":4,"19":3,"20":4,"21":3,"22":1,"23":1,"24":0,"25":1,"26":3,"27":4,"28":1,"29":4,"30":3,"31":2,"32":3,"33":1,"34":3,"35":3,"36":1,"37":4,"38":2,"39":2,"40":2,"41":0,"42":2,"43":2,"44":3,"45":2,"46":1,"47":0,"48":1,"49":3},"f":{"0":9,"1":9,"2":3,"3":6,"4":5,"5":4,"6":4,"7":4,"8":4,"9":3,"10":3,"11":4,"12":3},"b":{"0":[1,4],"1":[3,1],"2":[1,0],"3":[3,1],"4":[3,1],"5":[1,0],"6":[1,3],"7":[2,1],"8":[1,2],"9":[2,2],"10":[2,0],"11":[2,0],"12":[2,1],"13":[0,1]},"_coverageSchema":"1a1c01bbd47fc00a2c39e90264f33305004495a9","hash":"97d0d85f6f7b3773a2e4a4afdb798856b3018214"}
,"/Users/pooja.manikandan/Enablements/mission_orion/listify/utils/fileSystemUtils.js": {"path":"/Users/pooja.manikandan/Enablements/mission_orion/listify/utils/fileSystemUtils.js","statementMap":{"0":{"start":{"line":1,"column":11},"end":{"line":1,"column":24}},"1":{"start":{"line":3,"column":21},"end":{"line":10,"column":1}},"2":{"start":{"line":4,"column":2},"end":{"line":9,"column":3}},"3":{"start":{"line":5,"column":17},"end":{"line":5,"column":42}},"4":{"start":{"line":6,"column":4},"end":{"line":6,"column":47}},"5":{"start":{"line":8,"column":4},"end":{"line":8,"column":25}},"6":{"start":{"line":12,"column":22},"end":{"line":18,"column":1}},"7":{"start":{"line":13,"column":2},"end":{"line":17,"column":3}},"8":{"start":{"line":14,"column":21},"end":{"line":14,"column":53}},"9":{"start":{"line":16,"column":4},"end":{"line":16,"column":25}},"10":{"start":{"line":20,"column":0},"end":{"line":20,"column":49}}},"fnMap":{"0":{"name":"(anonymous_0)","decl":{"start":{"line":3,"column":21},"end":{"line":3,"column":22}},"loc":{"start":{"line":3,"column":35},"end":{"line":10,"column":1}},"line":3},"1":{"name":"(anonymous_1)","decl":{"start":{"line":12,"column":22},"end":{"line":12,"column":23}},"loc":{"start":{"line":12,"column":42},"end":{"line":18,"column":1}},"line":12}},"branchMap":{"0":{"loc":{"start":{"line":6,"column":11},"end":{"line":6,"column":46}},"type":"cond-expr","locations":[{"start":{"line":6,"column":25},"end":{"line":6,"column":41}},{"start":{"line":6,"column":44},"end":{"line":6,"column":46}}],"line":6}},"s":{"0":1,"1":1,"2":2,"3":2,"4":2,"5":0,"6":1,"7":1,"8":1,"9":0,"10":1},"f":{"0":2,"1":1},"b":{"0":[1,1]},"_coverageSchema":"1a1c01bbd47fc00a2c39e90264f33305004495a9","hash":"92cb9b9f84c5c0c3ffb24922ba72289bdd508b39"}
}
