TN:
SF:AppError.js
FN:2,(anonymous_0)
FNF:1
FNH:1
FNDA:28,(anonymous_0)
DA:3,28
DA:4,28
DA:5,28
DA:9,5
LF:4
LH:4
BRF:0
BRH:0
end_of_record
TN:
SF:constants/app.js
FNF:0
FNH:0
DA:1,3
DA:3,3
LF:2
LH:2
BRF:0
BRH:0
end_of_record
TN:
SF:controllers/authController.js
FN:3,(anonymous_0)
FN:17,(anonymous_1)
FNF:2
FNH:2
FNDA:3,(anonymous_0)
FNDA:3,(anonymous_1)
DA:1,1
DA:3,1
DA:4,3
DA:6,3
DA:7,2
DA:8,1
DA:13,1
DA:17,1
DA:18,3
DA:19,3
DA:20,2
DA:21,1
DA:25,1
DA:29,1
LF:14
LH:14
BRDA:7,0,0,1
BRDA:7,0,1,1
BRDA:20,1,0,1
BRDA:20,1,1,1
BRF:4
BRH:4
end_of_record
TN:
SF:controllers/tasksController.js
FN:10,(anonymous_0)
FN:21,(anonymous_1)
FN:32,(anonymous_2)
FN:45,(anonymous_3)
FN:56,(anonymous_4)
FN:68,(anonymous_5)
FNF:6
FNH:6
FNDA:3,(anonymous_0)
FNDA:3,(anonymous_1)
FNDA:3,(anonymous_2)
FNDA:3,(anonymous_3)
FNDA:3,(anonymous_4)
FNDA:2,(anonymous_5)
DA:8,1
DA:10,1
DA:11,3
DA:12,3
DA:13,2
DA:14,1
DA:17,1
DA:21,1
DA:22,3
DA:23,3
DA:24,2
DA:25,1
DA:28,1
DA:32,1
DA:33,3
DA:34,3
DA:35,2
DA:36,1
DA:41,1
DA:45,1
DA:46,3
DA:47,3
DA:48,2
DA:49,1
DA:52,1
DA:56,1
DA:57,3
DA:58,3
DA:59,3
DA:60,2
DA:61,1
DA:64,1
DA:68,1
DA:69,2
DA:70,2
DA:71,2
DA:72,1
DA:76,1
LF:38
LH:38
BRDA:13,0,0,1
BRDA:13,0,1,1
BRDA:24,1,0,1
BRDA:24,1,1,1
BRDA:35,2,0,1
BRDA:35,2,1,1
BRDA:48,3,0,1
BRDA:48,3,1,1
BRDA:60,4,0,1
BRDA:60,4,1,1
BRDA:71,5,0,1
BRDA:71,5,1,1
BRF:12
BRH:12
end_of_record
TN:
SF:services/authServices.js
FN:11,(anonymous_0)
FN:41,(anonymous_1)
FNF:2
FNH:2
FNDA:6,(anonymous_0)
FNDA:6,(anonymous_1)
DA:1,1
DA:2,1
DA:6,1
DA:7,1
DA:8,1
DA:9,1
DA:11,1
DA:12,6
DA:13,3
DA:15,3
DA:16,3
DA:17,3
DA:18,1
DA:23,2
DA:24,2
DA:25,2
DA:26,2
DA:27,1
DA:32,1
DA:33,1
DA:36,1
DA:41,1
DA:42,6
DA:43,3
DA:45,3
DA:46,3
DA:48,3
DA:49,2
DA:50,2
DA:51,1
DA:53,1
DA:56,1
DA:58,2
DA:59,2
DA:60,2
DA:64,1
LF:36
LH:36
BRDA:12,0,0,3
BRDA:12,0,1,3
BRDA:12,1,0,6
BRDA:12,1,1,4
BRDA:17,2,0,1
BRDA:17,2,1,2
BRDA:23,3,0,2
BRDA:23,3,1,0
BRDA:26,4,0,1
BRDA:26,4,1,1
BRDA:32,5,0,1
BRDA:32,5,1,0
BRDA:42,6,0,3
BRDA:42,6,1,3
BRDA:42,7,0,6
BRDA:42,7,1,4
BRDA:48,8,0,2
BRDA:48,8,1,1
BRDA:50,9,0,1
BRDA:50,9,1,1
BRDA:58,10,0,2
BRDA:58,10,1,0
BRDA:58,11,0,2
BRDA:58,11,1,0
BRF:24
BRH:20
end_of_record
TN:
SF:services/tasksServices.js
FN:11,(anonymous_0)
FN:16,(anonymous_1)
FN:30,(anonymous_2)
FN:46,(anonymous_3)
FN:62,(anonymous_4)
FN:65,(anonymous_5)
FN:76,(anonymous_6)
FNF:7
FNH:7
FNDA:1,(anonymous_0)
FNDA:4,(anonymous_1)
FNDA:4,(anonymous_2)
FNDA:4,(anonymous_3)
FNDA:3,(anonymous_4)
FNDA:6,(anonymous_5)
FNDA:5,(anonymous_6)
DA:1,1
DA:8,1
DA:9,1
DA:11,1
DA:12,1
DA:13,1
DA:16,1
DA:17,4
DA:18,2
DA:19,2
DA:20,2
DA:21,2
DA:22,1
DA:27,1
DA:30,1
DA:31,4
DA:32,2
DA:33,2
DA:34,2
DA:35,2
DA:36,1
DA:41,1
DA:42,1
DA:43,1
DA:46,1
DA:47,4
DA:48,2
DA:49,2
DA:50,2
DA:51,2
DA:52,1
DA:57,1
DA:58,1
DA:59,1
DA:62,1
DA:63,3
DA:64,3
DA:66,6
DA:70,3
DA:71,2
DA:73,3
DA:76,1
DA:77,5
DA:79,5
DA:81,2
DA:82,2
DA:84,1
DA:85,1
DA:87,1
DA:88,1
DA:90,1
DA:92,4
DA:93,0
DA:95,4
DA:98,1
LF:55
LH:54
BRDA:17,0,0,2
BRDA:17,0,1,2
BRDA:21,1,0,1
BRDA:21,1,1,1
BRDA:31,2,0,2
BRDA:31,2,1,2
BRDA:35,3,0,1
BRDA:35,3,1,1
BRDA:47,4,0,2
BRDA:47,4,1,2
BRDA:51,5,0,1
BRDA:51,5,1,1
BRDA:66,6,0,6
BRDA:66,6,1,6
BRDA:66,6,2,6
BRDA:70,7,0,2
BRDA:70,7,1,1
BRDA:79,8,0,2
BRDA:79,8,1,1
BRDA:79,8,2,1
BRDA:79,8,3,1
BRDA:92,9,0,0
BRDA:92,9,1,4
BRF:23
BRH:22
end_of_record
TN:
SF:utils/dataEncryptionUtils.js
FN:6,(anonymous_0)
FN:15,(anonymous_1)
FNF:2
FNH:2
FNDA:1,(anonymous_0)
FNDA:1,(anonymous_1)
DA:1,1
DA:2,1
DA:4,1
DA:6,1
DA:7,1
DA:8,1
DA:9,1
DA:11,0
DA:15,1
DA:16,1
DA:17,1
DA:18,1
DA:20,0
DA:24,1
LF:14
LH:12
BRF:0
BRH:0
end_of_record
TN:
SF:utils/dataManipulationUtils.js
FN:4,(anonymous_0)
FN:5,(anonymous_1)
FN:9,(anonymous_2)
FN:10,(anonymous_3)
FN:14,(anonymous_4)
FN:16,(anonymous_5)
FN:26,(anonymous_6)
FN:40,(anonymous_7)
FN:42,(anonymous_8)
FN:46,(anonymous_9)
FN:54,(anonymous_10)
FN:56,(anonymous_11)
FN:66,(anonymous_12)
FNF:13
FNH:13
FNDA:9,(anonymous_0)
FNDA:9,(anonymous_1)
FNDA:3,(anonymous_2)
FNDA:6,(anonymous_3)
FNDA:5,(anonymous_4)
FNDA:4,(anonymous_5)
FNDA:4,(anonymous_6)
FNDA:4,(anonymous_7)
FNDA:4,(anonymous_8)
FNDA:3,(anonymous_9)
FNDA:3,(anonymous_10)
FNDA:4,(anonymous_11)
FNDA:3,(anonymous_12)
DA:1,3
DA:2,3
DA:4,3
DA:5,9
DA:6,9
DA:9,3
DA:10,6
DA:11,3
DA:14,3
DA:15,5
DA:16,1
DA:17,4
DA:18,3
DA:20,1
DA:21,1
DA:23,0
DA:25,4
DA:26,3
DA:27,4
DA:28,3
DA:30,1
DA:31,1
DA:33,0
DA:36,1
DA:40,3
DA:41,4
DA:42,1
DA:43,4
DA:45,3
DA:46,2
DA:47,3
DA:50,1
DA:54,3
DA:55,3
DA:56,1
DA:57,4
DA:58,2
DA:60,2
DA:61,2
DA:63,0
DA:65,2
DA:66,2
DA:67,3
DA:68,2
DA:70,1
DA:71,0
DA:73,1
DA:78,3
LF:48
LH:44
BRDA:15,0,0,1
BRDA:15,0,1,4
BRDA:17,1,0,3
BRDA:17,1,1,1
BRDA:20,2,0,1
BRDA:20,2,1,0
BRDA:25,3,0,3
BRDA:25,3,1,1
BRDA:27,4,0,3
BRDA:27,4,1,1
BRDA:30,5,0,1
BRDA:30,5,1,0
BRDA:41,6,0,1
BRDA:41,6,1,3
BRDA:45,7,0,2
BRDA:45,7,1,1
BRDA:55,8,0,1
BRDA:55,8,1,2
BRDA:57,9,0,2
BRDA:57,9,1,2
BRDA:60,10,0,2
BRDA:60,10,1,0
BRDA:65,11,0,2
BRDA:65,11,1,0
BRDA:67,12,0,2
BRDA:67,12,1,1
BRDA:70,13,0,0
BRDA:70,13,1,1
BRF:28
BRH:23
end_of_record
TN:
SF:utils/fileSystemUtils.js
FN:3,(anonymous_0)
FN:12,(anonymous_1)
FNF:2
FNH:2
FNDA:2,(anonymous_0)
FNDA:1,(anonymous_1)
DA:1,1
DA:3,1
DA:4,2
DA:5,2
DA:6,2
DA:8,0
DA:12,1
DA:13,1
DA:14,1
DA:16,0
DA:20,1
LF:11
LH:9
BRDA:6,0,0,1
BRDA:6,0,1,1
BRF:2
BRH:2
end_of_record
